<?xml version="1.0" encoding="UTF-8"?>
<!-- Generated by org.testng.reporters.JUnitReportReporter -->
<testsuite hostname="DESKTOP-U0SL17S" failures="0" tests="3" name="SetPriority.Priority" time="31.141" errors="0" timestamp="2024-05-27T20:13:04 IST" skipped="0">
  <testcase classname="SetPriority.Priority" name="openBrowser" time="29.963"/>
  <testcase classname="SetPriority.Priority" name="usernmae" time="0.853"/>
  <testcase classname="SetPriority.Priority" name="submit" time="0.325"/>
</testsuite> <!-- SetPriority.Priority -->
