<?xml version="1.0" encoding="UTF-8"?>
<!-- Generated by org.testng.reporters.JUnitReportReporter -->
<testsuite hostname="DESKTOP-U0SL17S" failures="0" tests="10" name="Apartment.com.AutomationScript" time="73.594" errors="0" timestamp="2024-05-29T14:22:32 IST" skipped="0">
  <testcase classname="Apartment.com.AutomationScript" name="search" time="0.812"/>
  <testcase classname="Apartment.com.AutomationScript" name="insideSearch" time="30.301"/>
  <testcase classname="Apartment.com.AutomationScript" name="select" time="27.409"/>
  <testcase classname="Apartment.com.AutomationScript" name="photoOfTheHouse" time="3.373"/>
  <testcase classname="Apartment.com.AutomationScript" name="closeThePhoto" time="0.193"/>
  <testcase classname="Apartment.com.AutomationScript" name="wishlist" time="2.125"/>
  <testcase classname="Apartment.com.AutomationScript" name="pricingDetails" time="2.157"/>
  <testcase classname="Apartment.com.AutomationScript" name="floorPlanDetails" time="2.193"/>
  <testcase classname="Apartment.com.AutomationScript" name="tourFlorPlan" time="0.154"/>
  <testcase classname="Apartment.com.AutomationScript" name="customerDetails" time="4.877"/>
</testsuite> <!-- Apartment.com.AutomationScript -->
