<?xml version="1.0" encoding="UTF-8"?>
<!-- Generated by org.testng.reporters.JUnitReportReporter -->
<testsuite hostname="DESKTOP-U0SL17S" failures="0" tests="2" name="DropDown.DemoQA" time="15.933" errors="0" timestamp="2024-05-24T18:51:03 IST" skipped="0">
  <testcase classname="DropDown.DemoQA" name="openBrowser" time="14.907"/>
  <testcase classname="DropDown.DemoQA" name="Index" time="1.026"/>
</testsuite> <!-- DropDown.DemoQA -->
