<?xml version="1.0" encoding="UTF-8"?>
<!-- Generated by org.testng.reporters.JUnitReportReporter -->
<testsuite hostname="DESKTOP-U0SL17S" failures="0" tests="1" name="CheckBox_webElemnt.Total_QA" time="22.883" errors="0" timestamp="2024-05-22T14:50:06 IST" skipped="0">
  <testcase classname="CheckBox_webElemnt.Total_QA" name="checkBox" time="22.883"/>
</testsuite> <!-- CheckBox_webElemnt.Total_QA -->
