<?xml version="1.0" encoding="UTF-8"?>
<!-- Generated by org.testng.reporters.JUnitReportReporter -->
<testsuite hostname="DESKTOP-U0SL17S" failures="0" tests="1" name="CheckBox_webElemnt.Techlistic" time="94.569" errors="0" timestamp="2024-05-22T15:03:43 IST" skipped="0">
  <testcase classname="CheckBox_webElemnt.Techlistic" name="checkBox" time="94.569"/>
</testsuite> <!-- CheckBox_webElemnt.Techlistic -->
