<?xml version="1.0" encoding="UTF-8"?>
<!-- Generated by org.testng.reporters.JUnitReportReporter -->
<testsuite hostname="DESKTOP-U0SL17S" failures="0" tests="3" name="WindowHandling.Handlings" time="27.723" errors="0" timestamp="2024-05-28T12:26:43 IST" skipped="0">
  <testcase classname="WindowHandling.Handlings" name="viewTheProduct" time="0.772"/>
  <testcase classname="WindowHandling.Handlings" name="searchTheProduct" time="10.141"/>
  <testcase classname="WindowHandling.Handlings" name="wishlist" time="16.810"/>
</testsuite> <!-- WindowHandling.Handlings -->
