<?xml version="1.0" encoding="UTF-8"?>
<!-- Generated by org.testng.reporters.JUnitReportReporter -->
<testsuite hostname="DESKTOP-U0SL17S" failures="0" tests="5" name="DropDown.FormStone" time="82.404" errors="0" timestamp="2024-05-28T12:51:38 IST" skipped="0">
  <testcase classname="DropDown.FormStone" name="drop5" time="80.374"/>
  <testcase classname="DropDown.FormStone" name="drop1" time="1.173"/>
  <testcase classname="DropDown.FormStone" name="drop2" time="0.225"/>
  <testcase classname="DropDown.FormStone" name="drop3" time="0.296"/>
  <testcase classname="DropDown.FormStone" name="drop4" time="0.336"/>
</testsuite> <!-- DropDown.FormStone -->
