<?xml version="1.0" encoding="UTF-8"?>
<!-- Generated by org.testng.reporters.JUnitReportReporter -->
<testsuite hostname="DESKTOP-U0SL17S" failures="0" tests="3" name="Listners.TextBox" time="23.276" errors="0" timestamp="2024-05-28T13:01:27 IST" skipped="0">
  <testcase classname="Listners.TextBox" name="openBrowser" time="20.191"/>
  <testcase classname="Listners.TextBox" name="usernmae" time="2.575"/>
  <testcase classname="Listners.TextBox" name="submit" time="0.510"/>
</testsuite> <!-- Listners.TextBox -->
