<?xml version="1.0" encoding="UTF-8"?>
<!-- Generated by org.testng.reporters.JUnitReportReporter -->
<testsuite hostname="DESKTOP-U0SL17S" failures="0" tests="1" name="CheckBox.Total_QA" time="35.662" errors="0" timestamp="2024-05-27T20:01:40 IST" skipped="0">
  <testcase classname="CheckBox.Total_QA" name="checkBox" time="35.662"/>
</testsuite> <!-- CheckBox.Total_QA -->
