<?xml version="1.0" encoding="UTF-8"?>
<!-- Generated by org.testng.reporters.JUnitReportReporter -->
<testsuite hostname="DESKTOP-U0SL17S" failures="0" tests="1" name="CheckBox_webElemnt.checkBox" time="35.812" errors="0" timestamp="2024-05-22T13:43:39 IST" skipped="0">
  <testcase classname="CheckBox_webElemnt.checkBox" name="checkBox" time="35.812"/>
</testsuite> <!-- CheckBox_webElemnt.checkBox -->
