<?xml version="1.0" encoding="UTF-8"?>
<!-- Generated by org.testng.reporters.JUnitReportReporter -->
<testsuite hostname="DESKTOP-U0SL17S" failures="0" tests="1" name="Apartment.com.apartmentsPageObject" time="88.253" errors="0" timestamp="2024-05-29T16:51:13 IST" skipped="0">
  <testcase classname="Apartment.com.apartmentsPageObject" name="Functions" time="88.253"/>
</testsuite> <!-- Apartment.com.apartmentsPageObject -->
