<?xml version="1.0" encoding="UTF-8"?>
<!-- Generated by org.testng.reporters.JUnitReportReporter -->
<testsuite hostname="DESKTOP-U0SL17S" failures="0" tests="3" name="TestNGKeywords.TestNG" time="32.595" errors="0" timestamp="2024-05-28T11:55:15 IST" skipped="1">
  <testcase classname="TestNGKeywords.TestNG" name="openBrowser" time="30.329"/>
  <testcase classname="TestNGKeywords.TestNG" name="Login" time="2.266"/>
  <testcase classname="TestNGKeywords.TestNG" name="closure">
    <skipped/>
  </testcase> <!-- closure -->
</testsuite> <!-- TestNGKeywords.TestNG -->
