<?xml version="1.0" encoding="UTF-8"?>
<!-- Generated by org.testng.reporters.JUnitReportReporter -->
<testsuite hostname="DESKTOP-U0SL17S" failures="0" tests="1" name="DatePicker.Calender" time="51.134" errors="0" timestamp="2024-05-28T12:33:02 IST" skipped="0">
  <testcase classname="DatePicker.Calender" name="DatePicker" time="51.134"/>
</testsuite> <!-- DatePicker.Calender -->
