<?xml version="1.0" encoding="UTF-8"?>
<!-- Generated by org.testng.reporters.JUnitReportReporter -->
<testsuite hostname="DESKTOP-U0SL17S" failures="0" tests="1" name="CheckBox_webElemnt.OnlyTesting" time="45.227" errors="0" timestamp="2024-05-22T13:56:22 IST" skipped="0">
  <testcase classname="CheckBox_webElemnt.OnlyTesting" name="checkBox" time="45.227"/>
</testsuite> <!-- CheckBox_webElemnt.OnlyTesting -->
