<?xml version="1.0" encoding="UTF-8"?>
<!-- Generated by org.testng.reporters.JUnitReportReporter -->
<testsuite hostname="DESKTOP-U0SL17S" failures="0" tests="3" name="Assertion.AssertionProgram" time="0.024" errors="0" timestamp="2024-05-29T15:35:34 IST" skipped="0">
  <testcase classname="Assertion.AssertionProgram" name="Equal" time="0.019"/>
  <testcase classname="Assertion.AssertionProgram" name="booleanMessage" time="0.002"/>
  <testcase classname="Assertion.AssertionProgram" name="booleanCheck" time="0.003"/>
</testsuite> <!-- Assertion.AssertionProgram -->
