<?xml version="1.0" encoding="UTF-8"?>
<!-- Generated by org.testng.reporters.JUnitReportReporter -->
<testsuite hostname="DESKTOP-U0SL17S" failures="0" tests="6" name="FlipkartAutomation.AutomationScript" time="51.517" errors="0" timestamp="2024-05-06T10:36:03 IST" skipped="0">
  <testcase classname="FlipkartAutomation.AutomationScript" name="searchTheProduct" time="11.072"/>
  <testcase classname="FlipkartAutomation.AutomationScript" name="viewTheProduct" time="0.552"/>
  <testcase classname="FlipkartAutomation.AutomationScript" name="wishlist" time="18.312"/>
  <testcase classname="FlipkartAutomation.AutomationScript" name="signIn" time="1.469"/>
  <testcase classname="FlipkartAutomation.AutomationScript" name="addToCart" time="13.800"/>
  <testcase classname="FlipkartAutomation.AutomationScript" name="proceedToBuy" time="6.312"/>
</testsuite> <!-- FlipkartAutomation.AutomationScript -->
