<?xml version="1.0" encoding="UTF-8"?>
<!-- Generated by org.testng.reporters.JUnitReportReporter -->
<testsuite hostname="DESKTOP-U0SL17S" failures="0" tests="1" name="Goibibo.date" time="55.772" errors="0" timestamp="2024-05-12T19:29:56 IST" skipped="0">
  <testcase classname="Goibibo.date" name="date" time="55.772"/>
</testsuite> <!-- Goibibo.date -->
