<?xml version="1.0" encoding="UTF-8"?>
<!-- Generated by org.testng.reporters.JUnitReportReporter -->
<testsuite hostname="DESKTOP-U0SL17S" failures="0" tests="4" name="DataProvider.LoginData" time="113.949" errors="0" timestamp="2024-05-15T10:23:26 IST" skipped="0">
  <testcase classname="DataProvider.LoginData" name="login" time="50.023"/>
  <testcase classname="DataProvider.LoginData" name="login" time="19.384"/>
  <testcase classname="DataProvider.LoginData" name="login" time="18.932"/>
  <testcase classname="DataProvider.LoginData" name="login" time="25.610"/>
</testsuite> <!-- DataProvider.LoginData -->
