<?xml version="1.0" encoding="UTF-8"?>
<!-- Generated by org.testng.reporters.JUnitReportReporter -->
<testsuite hostname="DESKTOP-U0SL17S" failures="0" tests="1" name="MeeshoAutomation.Login" time="15.004" errors="0" timestamp="2024-05-06T10:47:57 IST" skipped="0">
  <testcase classname="MeeshoAutomation.Login" name="openMeesho" time="15.004"/>
</testsuite> <!-- MeeshoAutomation.Login -->
