<?xml version="1.0" encoding="UTF-8"?>
<!-- Generated by org.testng.reporters.JUnitReportReporter -->
<testsuite hostname="DESKTOP-U0SL17S" failures="0" tests="6" name="ajioAutomation.BuyAProduct" time="26.547" errors="0" timestamp="2024-05-07T11:32:22 IST" skipped="0">
  <testcase classname="ajioAutomation.BuyAProduct" name="searchTheProduct" time="10.151"/>
  <testcase classname="ajioAutomation.BuyAProduct" name="viewTheProduct" time="0.570"/>
  <testcase classname="ajioAutomation.BuyAProduct" name="selectSize" time="7.204"/>
  <testcase classname="ajioAutomation.BuyAProduct" name="addToCart" time="5.441"/>
  <testcase classname="ajioAutomation.BuyAProduct" name="goToBag" time="2.632"/>
  <testcase classname="ajioAutomation.BuyAProduct" name="shipping" time="0.549"/>
</testsuite> <!-- ajioAutomation.BuyAProduct -->
