<?xml version="1.0" encoding="UTF-8"?>
<!-- Generated by org.testng.reporters.JUnitReportReporter -->
<testsuite hostname="DESKTOP-U0SL17S" failures="0" tests="2" name="TestNg_08_05_2024.ParallelTesting" time="130.322" errors="0" timestamp="2024-05-09T10:41:09 IST" skipped="0">
  <testcase classname="TestNg_08_05_2024.ParallelTesting" name="filpkart" time="60.720"/>
  <testcase classname="TestNg_08_05_2024.ParallelTesting" name="amazon" time="69.602"/>
</testsuite> <!-- TestNg_08_05_2024.ParallelTesting -->
