<?xml version="1.0" encoding="UTF-8"?>
<!-- Generated by org.testng.reporters.JUnitReportReporter -->
<testsuite hostname="DESKTOP-U0SL17S" failures="0" tests="2" name="TestNG.testSuite" time="8.711" errors="0" timestamp="2024-05-05T15:28:36 IST" skipped="0">
  <testcase classname="TestNG.testSuite" name="email" time="5.460"/>
  <testcase classname="TestNG.testSuite" name="google" time="3.251"/>
</testsuite> <!-- TestNG.testSuite -->
