<?xml version="1.0" encoding="UTF-8"?>
<!-- Generated by org.testng.reporters.JUnitReportReporter -->
<testsuite hostname="DESKTOP-U0SL17S" failures="0" tests="5" name="TestNG.Priority" time="0.028" errors="0" timestamp="2024-05-05T15:28:36 IST" skipped="0">
  <testcase classname="TestNG.Priority" name="searchProduct" time="0.011"/>
  <testcase classname="TestNG.Priority" name="viewProduct" time="0.005"/>
  <testcase classname="TestNG.Priority" name="compareproduct" time="0.004"/>
  <testcase classname="TestNG.Priority" name="addToCart" time="0.004"/>
  <testcase classname="TestNG.Priority" name="buyNow" time="0.004"/>
</testsuite> <!-- TestNG.Priority -->
