<?xml version="1.0" encoding="UTF-8"?>
<!-- Generated by org.testng.reporters.JUnitReportReporter -->
<testsuite hostname="DESKTOP-U0SL17S" failures="0" tests="4" name="TestNG.groupingMethods" time="0.030" errors="0" timestamp="2024-05-05T15:43:30 IST" skipped="0">
  <testcase classname="TestNG.groupingMethods" name="viewProduct" time="0.004"/>
  <testcase classname="TestNG.groupingMethods" name="compareproduct" time="0.004"/>
  <testcase classname="TestNG.groupingMethods" name="addToCart" time="0.015"/>
  <testcase classname="TestNG.groupingMethods" name="searchProduct" time="0.007"/>
</testsuite> <!-- TestNG.groupingMethods -->
