<?xml version="1.0" encoding="UTF-8"?>
<!-- Generated by org.testng.reporters.JUnitReportReporter -->
<testsuite hostname="DESKTOP-U0SL17S" failures="0" tests="5" name="TestNG.skipTheCases" time="0.011" errors="0" timestamp="2024-05-05T15:28:36 IST" skipped="2">
  <testcase classname="TestNG.skipTheCases" name="compareproduct" time="0.002"/>
  <testcase classname="TestNG.skipTheCases" name="searchProduct" time="0.006"/>
  <testcase classname="TestNG.skipTheCases" name="buyNow" time="0.003"/>
  <testcase classname="TestNG.skipTheCases" name="viewProduct">
    <skipped/>
  </testcase> <!-- viewProduct -->
  <testcase classname="TestNG.skipTheCases" name="addToCart">
    <skipped/>
  </testcase> <!-- addToCart -->
</testsuite> <!-- TestNG.skipTheCases -->
