<?xml version="1.0" encoding="UTF-8"?>
<!-- Generated by org.testng.reporters.JUnitReportReporter -->
<testsuite hostname="DESKTOP-U0SL17S" failures="0" tests="10" name="Goibibo.AutomationScript" time="30.250" errors="0" timestamp="2024-05-23T12:09:43 IST" skipped="0">
  <testcase classname="Goibibo.AutomationScript" name="cancel" time="2.879"/>
  <testcase classname="Goibibo.AutomationScript" name="Bus" time="6.042"/>
  <testcase classname="Goibibo.AutomationScript" name="from" time="4.733"/>
  <testcase classname="Goibibo.AutomationScript" name="to" time="4.548"/>
  <testcase classname="Goibibo.AutomationScript" name="datePicker" time="0.316"/>
  <testcase classname="Goibibo.AutomationScript" name="searchBus" time="2.586"/>
  <testcase classname="Goibibo.AutomationScript" name="selectButton" time="5.896"/>
  <testcase classname="Goibibo.AutomationScript" name="selectSeat" time="2.429"/>
  <testcase classname="Goibibo.AutomationScript" name="droppingPoint" time="0.430"/>
  <testcase classname="Goibibo.AutomationScript" name="continueButton" time="0.391"/>
</testsuite> <!-- Goibibo.AutomationScript -->
