<?xml version="1.0" encoding="UTF-8"?>
<!-- Generated by org.testng.reporters.JUnitReportReporter -->
<testsuite hostname="DESKTOP-U0SL17S" failures="0" tests="6" name="amazonAutomation.AutomationScript" time="77.546" errors="0" timestamp="2024-05-27T21:00:48 IST" skipped="0">
  <testcase classname="amazonAutomation.AutomationScript" name="searchTheProduct" time="17.001"/>
  <testcase classname="amazonAutomation.AutomationScript" name="viewTheProduct" time="0.663"/>
  <testcase classname="amazonAutomation.AutomationScript" name="wishlist" time="25.660"/>
  <testcase classname="amazonAutomation.AutomationScript" name="signIn" time="6.609"/>
  <testcase classname="amazonAutomation.AutomationScript" name="addToCart" time="20.396"/>
  <testcase classname="amazonAutomation.AutomationScript" name="proceedToBuy" time="7.217"/>
</testsuite> <!-- amazonAutomation.AutomationScript -->
