<?xml version="1.0" encoding="UTF-8"?>
<!-- Generated by org.testng.reporters.JUnitReportReporter -->
<testsuite hostname="DESKTOP-U0SL17S" failures="0" tests="1" name="column_3_dataDriven.Registration" time="1.169" errors="0" timestamp="2024-05-22T13:05:08 IST" skipped="0">
  <testcase classname="column_3_dataDriven.Registration" name="register" time="1.169"/>
</testsuite> <!-- column_3_dataDriven.Registration -->
