<?xml version="1.0" encoding="UTF-8"?>
<!-- Generated by org.testng.reporters.JUnitReportReporter -->
<testsuite hostname="DESKTOP-U0SL17S" failures="0" tests="5" name="TestNG.Dependencies" time="0.024" errors="0" timestamp="2024-05-05T15:28:36 IST" skipped="0">
  <testcase classname="TestNG.Dependencies" name="compareproduct" time="0.002"/>
  <testcase classname="TestNG.Dependencies" name="searchProduct" time="0.010"/>
  <testcase classname="TestNG.Dependencies" name="buyNow" time="0.003"/>
  <testcase classname="TestNG.Dependencies" name="addToCart" time="0.002"/>
  <testcase classname="TestNG.Dependencies" name="viewProduct" time="0.007"/>
</testsuite> <!-- TestNG.Dependencies -->
