<?xml version="1.0" encoding="UTF-8"?>
<!-- Generated by org.testng.reporters.JUnitReportReporter -->
<testsuite hostname="DESKTOP-U0SL17S" failures="0" tests="5" name="TestNG.newTestNG" time="0.045" errors="0" timestamp="2024-05-05T15:28:36 IST" skipped="0">
  <testcase classname="TestNG.newTestNG" name="buyNow" time="0.006"/>
  <testcase classname="TestNG.newTestNG" name="viewProduct" time="0.010"/>
  <testcase classname="TestNG.newTestNG" name="searchProduct" time="0.009"/>
  <testcase classname="TestNG.newTestNG" name="compareproduct" time="0.012"/>
  <testcase classname="TestNG.newTestNG" name="addToCart" time="0.008"/>
</testsuite> <!-- TestNG.newTestNG -->
